<?xml version="1.0" encoding="UTF-8"?>
<!-- Generated by org.testng.reporters.JUnitReportReporter -->
<testsuite skipped="0" hostname="Jigars-MacBook-Pro.local" name="tooltip.TooltipClass" tests="1" failures="0" timestamp="15 Sep 2019 15:20:04 GMT" time="5.698" errors="0">
  <testcase name="TooltipTest" time="5.698" classname="tooltip.TooltipClass"/>
</testsuite> <!-- tooltip.TooltipClass -->
