<?xml version="1.0" encoding="UTF-8"?>
<!-- Generated by org.testng.reporters.JUnitReportReporter -->
<testsuite skipped="0" hostname="Jigars-MacBook-Pro.local" name="tooltip.HelptextClass" tests="1" failures="0" timestamp="15 Sep 2019 15:33:24 GMT" time="6.052" errors="0">
  <testcase name="TooltipTest" time="6.052" classname="tooltip.HelptextClass"/>
</testsuite> <!-- tooltip.HelptextClass -->
